2018-12-19 11:06:20,821 [Worker-4] INFO  o.e.m.c.i.l.LifecycleMappingFactory - Using org.maven.ide.eclipse.wtp.WarLifecycleMapping lifecycle mapping for MavenProject: com.tarena:tes_server:0.0.1-SNAPSHOT @ C:\Users\tarena\Desktop\githubRpro\team_pro\tes_server\pom.xml.
2018-12-19 11:06:21,306 [Worker-4] WARN  o.e.m.c.i.embedder.EclipseLogger - The POM for com.alibaba:druid:jar:1.0.14 is invalid, transitive dependencies (if any) will not be available, enable debug logging for more details
2018-12-19 11:06:23,788 [Worker-4] WARN  o.e.m.c.i.embedder.EclipseLogger - The POM for com.alibaba:druid:jar:1.0.14 is invalid, transitive dependencies (if any) will not be available, enable debug logging for more details
2018-12-19 11:06:28,592 [Worker-4] INFO  o.e.m.j.i.AbstractJavaProjectConfigurator - Adding source folder /tes_server/src/main/java
2018-12-19 11:06:28,593 [Worker-4] INFO  o.e.m.j.i.AbstractJavaProjectConfigurator - Adding resource folder /tes_server/src/main/resources
2018-12-19 11:06:28,594 [Worker-4] INFO  o.e.m.j.i.AbstractJavaProjectConfigurator - Adding source folder /tes_server/src/test/java
2018-12-19 11:06:28,594 [Worker-4] INFO  o.e.m.j.i.AbstractJavaProjectConfigurator - Adding resource folder /tes_server/src/test/resources
2018-12-19 11:06:29,511 [Worker-4] WARN  o.e.m.c.i.embedder.EclipseLogger - The POM for com.alibaba:druid:jar:1.0.14 is invalid, transitive dependencies (if any) will not be available, enable debug logging for more details
2018-12-19 11:06:31,515 [Worker-4] INFO  o.e.m.c.i.p.ProjectConfigurationManager - Imported and configured 1 project(s) in 12 sec
2018-12-19 11:06:33,611 [Worker-9] WARN  o.e.m.c.i.embedder.EclipseLogger - The POM for com.alibaba:druid:jar:1.0.14 is invalid, transitive dependencies (if any) will not be available, enable debug logging for more details
2018-12-19 11:06:34,131 [Worker-9] INFO  o.e.m.c.i.embedder.EclipseLogger - Using 'UTF-8' encoding to copy filtered resources.
2018-12-19 11:06:34,132 [Worker-9] INFO  o.e.m.c.i.embedder.EclipseLogger - Copying 16 resources
2018-12-19 11:06:34,165 [Worker-9] INFO  o.e.m.c.i.embedder.EclipseLogger - Using 'UTF-8' encoding to copy filtered resources.
2018-12-19 11:06:34,166 [Worker-9] INFO  o.e.m.c.i.embedder.EclipseLogger - Copying 0 resource
2018-12-19 11:09:59,324 [Worker-4] INFO  o.e.m.i.launch.MavenLaunchDelegate - C:\Users\tarena\Desktop\githubRpro\team_pro\tes_server
2018-12-19 11:09:59,325 [Worker-4] INFO  o.e.m.i.launch.MavenLaunchDelegate -  mvn  -B -s D:\apache-maven-3.3.9\conf\settings.xml install
2018-12-19 11:10:12,323 [Worker-11] INFO  o.e.m.c.i.embedder.EclipseLogger - Using 'UTF-8' encoding to copy filtered resources.
2018-12-19 11:10:12,324 [Worker-11] INFO  o.e.m.c.i.embedder.EclipseLogger - Copying 0 resource
2018-12-19 11:10:12,325 [Worker-11] INFO  o.e.m.c.i.embedder.EclipseLogger - Using 'UTF-8' encoding to copy filtered resources.
2018-12-19 11:10:12,325 [Worker-11] INFO  o.e.m.c.i.embedder.EclipseLogger - Copying 0 resource
